<?xml version="1.0" encoding="UTF-8"?>
<!-- Generated by org.testng.reporters.JUnitXMLReporter -->
<testsuite ignored="0" hostname="DESKTOP-SB3HH80" failures="1" tests="1" name="Test" time="6.501" errors="0" timestamp="2024-12-14T23:10:50 IST">
  <testcase classname="test.Testcase1" name="verifypagetitle" time="0.101">
    <failure type="java.lang.AssertionError" message="expected [Online Shopping site in India: Shop Online for Mobiles, Books, Watches, Shoes and More - Amazon.in] but found [Amazon.in]">
      <![CDATA[java.lang.AssertionError: expected [Online Shopping site in India: Shop Online for Mobiles, Books, Watches, Shoes and More - Amazon.in] but found [Amazon.in]
at test.Testcase1.verifypagetitle(Testcase1.java:27)
at java.base/java.util.ArrayList.forEach(ArrayList.java:1511)
... Removed 33 stack frames]]>
    </failure>
  </testcase> <!-- verifypagetitle -->
</testsuite> <!-- Test -->
