<?xml version="1.0" encoding="UTF-8"?>
<testng-results ignored="0" total="1" passed="1" failed="0" skipped="0">
  <reporter-output>
  </reporter-output>
  <suite started-at="2024-12-21T10:59:40 IST" name="Suite" finished-at="2024-12-21T10:59:46 IST" duration-ms="6024">
    <groups>
    </groups>
    <test started-at="2024-12-21T10:59:40 IST" name="Test" finished-at="2024-12-21T10:59:46 IST" duration-ms="6024">
      <class name="test.Testcase_14">
        <test-method is-config="true" signature="setup()[pri:0, instance:test.Testcase_14@3e0e1046]" started-at="2024-12-21T10:59:40 IST" name="setup" finished-at="2024-12-21T10:59:45 IST" duration-ms="4651" status="PASS">
          <reporter-output>
          </reporter-output>
        </test-method> <!-- setup -->
        <test-method signature="test14()[pri:0, instance:test.Testcase_14@3e0e1046]" started-at="2024-12-21T10:59:45 IST" name="test14" finished-at="2024-12-21T10:59:46 IST" duration-ms="898" status="PASS">
          <reporter-output>
          </reporter-output>
        </test-method> <!-- test14 -->
        <test-method is-config="true" signature="teardown()[pri:0, instance:test.Testcase_14@3e0e1046]" started-at="2024-12-21T10:59:46 IST" name="teardown" finished-at="2024-12-21T10:59:46 IST" duration-ms="399" status="PASS">
          <reporter-output>
          </reporter-output>
        </test-method> <!-- teardown -->
      </class> <!-- test.Testcase_14 -->
    </test> <!-- Test -->
  </suite> <!-- Suite -->
</testng-results>
